<?xml version="1.0" encoding="UTF-8"?>
<!-- Generated by org.testng.reporters.JUnitReportReporter -->
<testsuite hostname="DESKTOP-7QICBEU" name="academy.ValidateTitle" tests="1" failures="0" timestamp="22 Sep 2020 02:44:48 GMT" time="0.087" errors="0">
  <testcase name="basePageNavigation" time="0.087" classname="academy.ValidateTitle"/>
</testsuite> <!-- academy.ValidateTitle -->
