<?xml version="1.0" encoding="UTF-8"?>
<!-- Generated by org.testng.reporters.JUnitReportReporter -->
<testsuite hostname="DESKTOP-7QICBEU" name="academy.HomePage" tests="2" failures="0" timestamp="22 Sep 2020 02:44:48 GMT" time="19.742" errors="0">
  <testcase name="basePageNavigation" time="9.912" classname="academy.HomePage"/>
  <testcase name="basePageNavigation" time="9.830" classname="academy.HomePage"/>
</testsuite> <!-- academy.HomePage -->
