<?xml version="1.0" encoding="UTF-8"?>
<!-- Generated by org.testng.reporters.JUnitReportReporter -->
<testsuite hostname="DESKTOP-7QICBEU" name="academy.NavBarValidate" tests="1" failures="0" timestamp="22 Sep 2020 02:44:48 GMT" time="0.085" errors="0">
  <testcase name="basePageNavigation" time="0.085" classname="academy.NavBarValidate"/>
</testsuite> <!-- academy.NavBarValidate -->
